<?xml version="1.0" encoding="UTF-8"?>
<!-- Generated by org.testng.reporters.JUnitReportReporter -->
<testsuite skipped="0" hostname="IN0012KO" name="TestScreens.TC_02_LoginFailed" tests="2" failures="0" timestamp="17 Jan 2023 19:39:32 GMT" time="15.774" errors="0">
  <testcase name="verifyAppLicationTitle" time="0.065" classname="TestScreens.TC_02_LoginFailed"/>
  <testcase name="TC_02_loginNegative" time="15.709" classname="TestScreens.TC_02_LoginFailed"/>
</testsuite> <!-- TestScreens.TC_02_LoginFailed -->
