<?xml version="1.0" encoding="UTF-8"?>
<!-- Generated by org.testng.reporters.JUnitReportReporter -->
<testsuite skipped="0" hostname="IN0012KO" name="TestScreens.TC_01_LoginSuccessful" tests="3" failures="0" timestamp="17 Jan 2023 19:38:40 GMT" time="20.545" errors="0">
  <testcase name="verifyAppLicationTitle" time="0.063" classname="TestScreens.TC_01_LoginSuccessful"/>
  <testcase name="TC_01_loginPositive" time="20.314" classname="TestScreens.TC_01_LoginSuccessful"/>
  <testcase name="AfterLogin" time="0.168" classname="TestScreens.TC_01_LoginSuccessful"/>
</testsuite> <!-- TestScreens.TC_01_LoginSuccessful -->
