<?xml version="1.0" encoding="UTF-8"?>
<!-- Generated by org.testng.reporters.JUnitReportReporter -->
<testsuite skipped="0" hostname="IN0012KO" name="CompTestScreen.TC_01_AddComp" tests="3" failures="0" timestamp="17 Jan 2023 19:34:28 GMT" time="11.817" errors="0">
  <testcase name="verifyAppLicationTitle" time="0.099" classname="CompTestScreen.TC_01_AddComp"/>
  <testcase name="CheckAddCompElements" time="2.521" classname="CompTestScreen.TC_01_AddComp"/>
  <testcase name="AddNewComp" time="9.197" classname="CompTestScreen.TC_01_AddComp"/>
</testsuite> <!-- CompTestScreen.TC_01_AddComp -->
