<?xml version="1.0" encoding="UTF-8"?>
<!-- Generated by org.testng.reporters.JUnitReportReporter -->
<testsuite skipped="0" hostname="IN0012KO" name="TestScreens.TC_02" tests="2" failures="0" timestamp="23 Nov 2022 17:42:10 GMT" time="16.248" errors="0">
  <testcase name="verifyAppLicationTitle" time="0.035" classname="TestScreens.TC_02"/>
  <testcase name="TC_01_verifyLoginFeatureWithValid" time="16.213" classname="TestScreens.TC_02"/>
</testsuite> <!-- TestScreens.TC_02 -->
