<?xml version="1.0" encoding="UTF-8"?>
<!-- Generated by org.testng.reporters.JUnitReportReporter -->
<testsuite skipped="0" hostname="IN0012KO" name="basicTest.HRMLogin" tests="1" failures="0" timestamp="20 Nov 2022 17:55:08 GMT" time="24.398" errors="0">
  <testcase name="verifyLoginLogoutTest" time="24.398" classname="basicTest.HRMLogin"/>
</testsuite> <!-- basicTest.HRMLogin -->
