<?xml version="1.0" encoding="UTF-8"?>
<!-- Generated by org.testng.reporters.JUnitReportReporter -->
<testsuite skipped="0" hostname="IN0012KO" name="TestScreens.TC_01" tests="3" failures="0" timestamp="20 Nov 2022 22:16:29 GMT" time="14.959" errors="0">
  <testcase name="verifyAppLicationTitle" time="0.744" classname="TestScreens.TC_01"/>
  <testcase name="TC_01_verifyLoginFeatureWithValid" time="14.166" classname="TestScreens.TC_01"/>
  <testcase name="AfterLogin" time="0.049" classname="TestScreens.TC_01"/>
</testsuite> <!-- TestScreens.TC_01 -->
