<?xml version="1.0" encoding="UTF-8"?>
<!-- Generated by org.testng.reporters.JUnitReportReporter -->
<testsuite skipped="0" hostname="IN0012KO" name="TestScreens.TC_01" tests="3" failures="0" timestamp="2022-11-23T19:32:40 IST" time="15.988" errors="0">
  <testcase name="verifyAppLicationTitle" time="0.024" classname="TestScreens.TC_01"/>
  <system-out/>
  <testcase name="TC_01_verifyLoginFeatureWithValid" time="15.951" classname="TestScreens.TC_01"/>
  <system-out/>
  <testcase name="AfterLogin" time="0.013" classname="TestScreens.TC_01"/>
  <system-out/>
</testsuite> <!-- TestScreens.TC_01 -->
