<?xml version="1.0" encoding="UTF-8"?>
<!-- Generated by org.testng.reporters.JUnitReportReporter -->
<testsuite skipped="0" hostname="IN0012KO" name="CompTestScreen.TC_01_AddComp" tests="3" failures="0" timestamp="2023-01-18T01:24:06 IST" time="11.419" errors="0">
  <testcase name="verifyAppLicationTitle" time="0.128" classname="CompTestScreen.TC_01_AddComp"/>
  <system-out/>
  <testcase name="CheckAddCompElements" time="2.532" classname="CompTestScreen.TC_01_AddComp"/>
  <system-out/>
  <testcase name="AddNewComp" time="8.759" classname="CompTestScreen.TC_01_AddComp"/>
  <system-out/>
</testsuite> <!-- CompTestScreen.TC_01_AddComp -->
