<?xml version="1.0" encoding="UTF-8"?>
<!-- Generated by org.testng.reporters.JUnitReportReporter -->
<testsuite skipped="0" hostname="IN0012KO" name="basicTest.HRMLogin" tests="1" failures="0" timestamp="2022-11-20T23:21:11 IST" time="18.062" errors="0">
  <testcase name="verifyLoginLogoutTest" time="18.062" classname="basicTest.HRMLogin"/>
  <system-out/>
</testsuite> <!-- basicTest.HRMLogin -->
