<?xml version="1.0" encoding="UTF-8"?>
<!-- Generated by org.testng.reporters.JUnitReportReporter -->
<testsuite skipped="0" hostname="IN0012KO" name="TC_01.BaseTest" tests="2" failures="0" timestamp="2022-11-20T22:51:17 IST" time="18.881" errors="0">
  <testcase name="launchApp" time="16.748" classname="TC_01.BaseTest"/>
  <system-out/>
  <testcase name="closingApp" time="2.133" classname="TC_01.BaseTest"/>
  <system-out/>
</testsuite> <!-- TC_01.BaseTest -->
